[22:54:19] [main/INFO]: Environment: authHost='https://authserver.mojang.com', accountsHost='https://api.mojang.com', sessionHost='https://sessionserver.mojang.com', servicesHost='https://api.minecraftservices.com', name='PROD'
[22:54:20] [main/WARN]: Ambiguity between arguments [teleport, destination] and [teleport, targets] with inputs: [Player, 0123, @e, dd12be42-52a9-4a91-a8a1-11c01849e498]
[22:54:20] [main/WARN]: Ambiguity between arguments [teleport, location] and [teleport, destination] with inputs: [0.1 -0.5 .9, 0 0 0]
[22:54:20] [main/WARN]: Ambiguity between arguments [teleport, location] and [teleport, targets] with inputs: [0.1 -0.5 .9, 0 0 0]
[22:54:20] [main/WARN]: Ambiguity between arguments [teleport, targets] and [teleport, destination] with inputs: [Player, 0123, dd12be42-52a9-4a91-a8a1-11c01849e498]
[22:54:20] [main/WARN]: Ambiguity between arguments [teleport, targets, location] and [teleport, targets, destination] with inputs: [0.1 -0.5 .9, 0 0 0]
[22:54:20] [main/INFO]: Reloading ResourceManager: Default
[22:54:21] [Worker-Main-5/INFO]: Loaded 7 recipes
[22:54:21] [Worker-Main-5/INFO]: Loaded 927 advancements
[22:54:23] [Server thread/INFO]: Starting minecraft server version 1.16.4
[22:54:23] [Server thread/INFO]: Loading properties
[22:54:23] [Server thread/INFO]: Default game type: SURVIVAL
[22:54:23] [Server thread/INFO]: Generating keypair
[22:54:24] [Server thread/INFO]: Starting Minecraft server on *:25565
[22:54:24] [Server thread/INFO]: Using default channel type
[22:54:25] [Server thread/WARN]: **** SERVER IS RUNNING IN OFFLINE/INSECURE MODE!
[22:54:25] [Server thread/WARN]: The server will make no attempt to authenticate usernames. Beware.
[22:54:25] [Server thread/WARN]: While this makes the game possible to play without internet access, it also opens up the ability for hackers to connect with any username they choose.
[22:54:25] [Server thread/WARN]: To change this, set "online-mode" to "true" in the server.properties file.
[22:54:25] [Server thread/INFO]: Preparing level "world"
[22:54:25] [Server thread/INFO]: Preparing start region for dimension minecraft:overworld
[22:54:27] [Server thread/INFO]: Preparing spawn area: 0%
[22:54:27] [Server thread/INFO]: Preparing spawn area: 0%
[22:54:27] [Server thread/INFO]: Preparing spawn area: 0%
[22:54:27] [Server thread/INFO]: Preparing spawn area: 0%
[22:54:28] [Server thread/INFO]: Preparing spawn area: 0%
[22:54:28] [Server thread/INFO]: Preparing spawn area: 0%
[22:54:38] [Worker-Main-4/INFO]: Preparing spawn area: 83%
[22:54:38] [Worker-Main-6/INFO]: Preparing spawn area: 83%
[22:54:38] [Worker-Main-4/INFO]: Preparing spawn area: 83%
[22:54:38] [Worker-Main-4/INFO]: Preparing spawn area: 83%
[22:54:38] [Worker-Main-7/INFO]: Preparing spawn area: 83%
[22:54:38] [Worker-Main-7/INFO]: Preparing spawn area: 83%
[22:54:38] [Worker-Main-4/INFO]: Preparing spawn area: 83%
[22:54:38] [Worker-Main-4/INFO]: Preparing spawn area: 83%
[22:54:38] [Worker-Main-7/INFO]: Preparing spawn area: 83%
[22:54:38] [Worker-Main-7/INFO]: Preparing spawn area: 83%
[22:54:38] [Worker-Main-4/INFO]: Preparing spawn area: 83%
[22:54:38] [Worker-Main-6/INFO]: Preparing spawn area: 83%
[22:54:38] [Worker-Main-4/INFO]: Preparing spawn area: 83%
[22:54:38] [Worker-Main-4/INFO]: Preparing spawn area: 83%
[22:54:38] [Worker-Main-6/INFO]: Preparing spawn area: 83%
[22:54:38] [Worker-Main-6/INFO]: Preparing spawn area: 83%
[22:54:38] [Worker-Main-7/INFO]: Preparing spawn area: 83%
[22:54:38] [Worker-Main-7/INFO]: Preparing spawn area: 83%
[22:54:38] [Worker-Main-7/INFO]: Preparing spawn area: 83%
[22:54:38] [Worker-Main-7/INFO]: Preparing spawn area: 83%
[22:54:38] [Server thread/INFO]: Preparing spawn area: 83%
[22:54:39] [Server thread/INFO]: Time elapsed: 13884 ms
[22:54:39] [Server thread/INFO]: Done (14.089s)! For help, type "help"
[22:54:40] [Server thread/INFO]: RD_Zelmar[/5.171.37.64:34146] logged in with entity id 182 at (-1.925000011920931, 63.0, 133.15834278597208)
[22:54:40] [Server thread/INFO]: RD_Zelmar joined the game
[22:54:44] [Server thread/WARN]: Can't keep up! Is the server overloaded? Running 2006ms or 40 ticks behind
[22:54:47] [Server thread/INFO]: nadlei1[/79.22.176.142:58259] logged in with entity id 278 at (-23.56510963938363, 64.0, 110.93539294172864)
[22:54:47] [Server thread/INFO]: nadlei1 joined the game
[22:55:05] [Server thread/WARN]: Can't keep up! Is the server overloaded? Running 5520ms or 110 ticks behind
[22:55:25] [Server thread/WARN]: Can't keep up! Is the server overloaded? Running 4433ms or 88 ticks behind
[22:55:45] [Server thread/WARN]: Can't keep up! Is the server overloaded? Running 5397ms or 107 ticks behind
[22:56:10] [Server thread/INFO]: ILoveYourMom[/5.171.36.16:8277] logged in with entity id 372 at (-7.9847418104912204, 54.0, 123.01741375287968)
[22:56:10] [Server thread/INFO]: ILoveYourMom joined the game
[22:56:17] [Server thread/WARN]: Can't keep up! Is the server overloaded? Running 2021ms or 40 ticks behind
[22:56:18] [Server thread/INFO]: strategaD[/192.168.1.12:63763] logged in with entity id 383 at (3.5, 69.0, -55.5)
[22:56:18] [Server thread/INFO]: strategaD joined the game
[22:56:35] [Server thread/WARN]: Can't keep up! Is the server overloaded? Running 3220ms or 64 ticks behind
[22:57:08] [Server thread/WARN]: Can't keep up! Is the server overloaded? Running 18038ms or 360 ticks behind
[22:57:39] [Server thread/WARN]: Can't keep up! Is the server overloaded? Running 15597ms or 311 ticks behind
[22:58:05] [Server thread/INFO]: <strategaD> ciao
[22:58:14] [Server thread/INFO]: nadlei1 was slain by ILoveYourMom
[23:00:38] [Server thread/WARN]: Can't keep up! Is the server overloaded? Running 2808ms or 56 ticks behind
[23:01:33] [Server thread/WARN]: Mismatch in destroy block pos: fx{x=-35, y=70, z=112} fx{x=-35, y=69, z=114}
[23:01:47] [Server thread/WARN]: Mismatch in destroy block pos: fx{x=-33, y=69, z=115} fx{x=-35, y=69, z=114}
[23:01:47] [Server thread/WARN]: Mismatch in destroy block pos: fx{x=-33, y=69, z=115} fx{x=-32, y=68, z=116}
[23:01:48] [Server thread/WARN]: Mismatch in destroy block pos: fx{x=-33, y=69, z=115} fx{x=-32, y=68, z=116}
[23:04:49] [Server thread/INFO]: strategaD has made the advancement [Acquire Hardware]
[23:04:58] [Server thread/INFO]: strategaD has made the advancement [Getting an Upgrade]
[23:05:37] [Server thread/INFO]: ILoveYourMom was slain by Zombie
[23:05:52] [Server thread/INFO]: strategaD has made the advancement [Isn't It Iron Pick]
[23:08:03] [Server thread/INFO]: strategaD has made the advancement [Stone Age]
[23:11:14] [Server thread/INFO]: nadlei1 lost connection: Disconnected
[23:11:14] [Server thread/INFO]: nadlei1 left the game
[23:13:35] [Server thread/INFO]: strategaD lost connection: Disconnected
[23:13:35] [Server thread/INFO]: strategaD left the game
[23:14:19] [Server thread/INFO]: RD_Zelmar lost connection: Disconnected
[23:14:19] [Server thread/INFO]: RD_Zelmar left the game
[23:14:27] [Server thread/INFO]: ILoveYourMom lost connection: Disconnected
[23:14:27] [Server thread/INFO]: ILoveYourMom left the game
[23:14:39] [Server thread/INFO]: Saving the game (this may take a moment!)
[23:14:41] [Server thread/INFO]: Saved the game
[23:14:46] [Server thread/INFO]: Stopping the server
[23:14:47] [Server thread/INFO]: Stopping server
[23:14:47] [Server thread/INFO]: Saving players
[23:14:47] [Server thread/INFO]: Saving worlds
[23:14:47] [Server thread/INFO]: Saving chunks for level 'ServerLevel[world]'/minecraft:overworld
[23:14:47] [Server thread/INFO]: ThreadedAnvilChunkStorage (world): All chunks are saved
[23:14:47] [Server thread/INFO]: Saving chunks for level 'ServerLevel[world]'/minecraft:the_nether
[23:14:47] [Server thread/INFO]: ThreadedAnvilChunkStorage (DIM-1): All chunks are saved
[23:14:47] [Server thread/INFO]: Saving chunks for level 'ServerLevel[world]'/minecraft:the_end
[23:14:47] [Server thread/INFO]: ThreadedAnvilChunkStorage (DIM1): All chunks are saved
[23:14:47] [Server thread/INFO]: ThreadedAnvilChunkStorage (world): All chunks are saved
[23:14:47] [Server thread/INFO]: ThreadedAnvilChunkStorage (DIM-1): All chunks are saved
[23:14:47] [Server thread/INFO]: ThreadedAnvilChunkStorage (DIM1): All chunks are saved
